d:\uni\year 3\graphics programming\coursework 2\gp_coursework\gp_coursework\release\gp_coursework.pch
d:\uni\year 3\graphics programming\coursework 2\gp_coursework\gp_coursework\release\vc141.pdb
d:\uni\year 3\graphics programming\coursework 2\gp_coursework\gp_coursework\release\stdafx.obj
d:\uni\year 3\graphics programming\coursework 2\gp_coursework\gp_coursework\release\textures.obj
d:\uni\year 3\graphics programming\coursework 2\gp_coursework\gp_coursework\release\sounds.obj
d:\uni\year 3\graphics programming\coursework 2\gp_coursework\gp_coursework\release\shaders.obj
d:\uni\year 3\graphics programming\coursework 2\gp_coursework\gp_coursework\release\screen.obj
d:\uni\year 3\graphics programming\coursework 2\gp_coursework\gp_coursework\release\overlays.obj
d:\uni\year 3\graphics programming\coursework 2\gp_coursework\gp_coursework\release\obj_loader.obj
d:\uni\year 3\graphics programming\coursework 2\gp_coursework\gp_coursework\release\gp_coursework.obj
d:\uni\year 3\graphics programming\coursework 2\gp_coursework\gp_coursework\release\gamemesh.obj
d:\uni\year 3\graphics programming\coursework 2\gp_coursework\gp_coursework\release\game.obj
d:\uni\year 3\graphics programming\coursework 2\gp_coursework\gp_coursework\release\stb_image.obj
d:\uni\year 3\graphics programming\coursework resit\s1512113-graphics2-augresit\gp_coursework\release\gp_coursework.pch
d:\uni\year 3\graphics programming\coursework resit\s1512113-graphics2-augresit\gp_coursework\release\vc141.pdb
d:\uni\year 3\graphics programming\coursework resit\s1512113-graphics2-augresit\gp_coursework\release\stdafx.obj
d:\uni\year 3\graphics programming\coursework resit\s1512113-graphics2-augresit\gp_coursework\release\textures.obj
d:\uni\year 3\graphics programming\coursework resit\s1512113-graphics2-augresit\gp_coursework\release\sounds.obj
d:\uni\year 3\graphics programming\coursework resit\s1512113-graphics2-augresit\gp_coursework\release\shaders.obj
d:\uni\year 3\graphics programming\coursework resit\s1512113-graphics2-augresit\gp_coursework\release\screen.obj
d:\uni\year 3\graphics programming\coursework resit\s1512113-graphics2-augresit\gp_coursework\release\overlays.obj
d:\uni\year 3\graphics programming\coursework resit\s1512113-graphics2-augresit\gp_coursework\release\obj_loader.obj
d:\uni\year 3\graphics programming\coursework resit\s1512113-graphics2-augresit\gp_coursework\release\gp_coursework.obj
d:\uni\year 3\graphics programming\coursework resit\s1512113-graphics2-augresit\gp_coursework\release\gamemesh.obj
d:\uni\year 3\graphics programming\coursework resit\s1512113-graphics2-augresit\gp_coursework\release\game.obj
d:\uni\year 3\graphics programming\coursework resit\s1512113-graphics2-augresit\gp_coursework\release\stb_image.obj
d:\uni\year 3\graphics programming\coursework 2\gp_coursework\release\gp_coursework.ipdb
d:\uni\year 3\graphics programming\coursework 2\gp_coursework\release\gp_coursework.iobj
d:\uni\year 3\graphics programming\coursework resit\s1512113-graphics2-augresit\release\gp_coursework.ipdb
d:\uni\year 3\graphics programming\coursework resit\s1512113-graphics2-augresit\release\gp_coursework.iobj
d:\uni\year 3\graphics programming\coursework 2\gp_coursework\release\gp_coursework.exe
d:\uni\year 3\graphics programming\coursework 2\gp_coursework\release\gp_coursework.pdb
d:\uni\year 3\graphics programming\coursework resit\s1512113-graphics2-augresit\release\gp_coursework.exe
d:\uni\year 3\graphics programming\coursework resit\s1512113-graphics2-augresit\release\gp_coursework.pdb
d:\uni\year 3\graphics programming\coursework resit\s1512113-graphics2-augresit\gp_coursework\release\gp_coursework.tlog\cl.command.1.tlog
d:\uni\year 3\graphics programming\coursework resit\s1512113-graphics2-augresit\gp_coursework\release\gp_coursework.tlog\cl.read.1.tlog
d:\uni\year 3\graphics programming\coursework resit\s1512113-graphics2-augresit\gp_coursework\release\gp_coursework.tlog\cl.write.1.tlog
d:\uni\year 3\graphics programming\coursework resit\s1512113-graphics2-augresit\gp_coursework\release\gp_coursework.tlog\gp_coursework.write.1u.tlog
d:\uni\year 3\graphics programming\coursework resit\s1512113-graphics2-augresit\gp_coursework\release\gp_coursework.tlog\link.command.1.tlog
d:\uni\year 3\graphics programming\coursework resit\s1512113-graphics2-augresit\gp_coursework\release\gp_coursework.tlog\link.read.1.tlog
d:\uni\year 3\graphics programming\coursework resit\s1512113-graphics2-augresit\gp_coursework\release\gp_coursework.tlog\link.write.1.tlog
