d:\uni\year 3\graphics programming\coursework 2\gp_coursework\gp_coursework\debug\gp_coursework.pch
d:\uni\year 3\graphics programming\coursework 2\gp_coursework\gp_coursework\debug\vc141.pdb
d:\uni\year 3\graphics programming\coursework 2\gp_coursework\gp_coursework\debug\vc141.idb
d:\uni\year 3\graphics programming\coursework 2\gp_coursework\gp_coursework\debug\stdafx.obj
d:\uni\year 3\graphics programming\coursework 2\gp_coursework\gp_coursework\debug\game.obj
d:\uni\year 3\graphics programming\coursework 2\gp_coursework\gp_coursework\debug\gamemesh.obj
d:\uni\year 3\graphics programming\coursework 2\gp_coursework\gp_coursework\debug\gp_coursework.obj
d:\uni\year 3\graphics programming\coursework 2\gp_coursework\gp_coursework\debug\obj_loader.obj
d:\uni\year 3\graphics programming\coursework 2\gp_coursework\gp_coursework\debug\overlays.obj
d:\uni\year 3\graphics programming\coursework 2\gp_coursework\gp_coursework\debug\screen.obj
d:\uni\year 3\graphics programming\coursework 2\gp_coursework\gp_coursework\debug\shaders.obj
d:\uni\year 3\graphics programming\coursework 2\gp_coursework\gp_coursework\debug\sounds.obj
d:\uni\year 3\graphics programming\coursework 2\gp_coursework\gp_coursework\debug\textures.obj
d:\uni\year 3\graphics programming\coursework 2\gp_coursework\gp_coursework\debug\stb_image.obj
d:\uni\year 3\graphics programming\coursework resit\s1512113-graphics2-augresit\gp_coursework\debug\gp_coursework.pch
d:\uni\year 3\graphics programming\coursework resit\s1512113-graphics2-augresit\gp_coursework\debug\vc141.pdb
d:\uni\year 3\graphics programming\coursework resit\s1512113-graphics2-augresit\gp_coursework\debug\vc141.idb
d:\uni\year 3\graphics programming\coursework resit\s1512113-graphics2-augresit\gp_coursework\debug\stdafx.obj
d:\uni\year 3\graphics programming\coursework resit\s1512113-graphics2-augresit\gp_coursework\debug\game.obj
d:\uni\year 3\graphics programming\coursework resit\s1512113-graphics2-augresit\gp_coursework\debug\gamemesh.obj
d:\uni\year 3\graphics programming\coursework resit\s1512113-graphics2-augresit\gp_coursework\debug\gp_coursework.obj
d:\uni\year 3\graphics programming\coursework resit\s1512113-graphics2-augresit\gp_coursework\debug\obj_loader.obj
d:\uni\year 3\graphics programming\coursework resit\s1512113-graphics2-augresit\gp_coursework\debug\overlays.obj
d:\uni\year 3\graphics programming\coursework resit\s1512113-graphics2-augresit\gp_coursework\debug\screen.obj
d:\uni\year 3\graphics programming\coursework resit\s1512113-graphics2-augresit\gp_coursework\debug\shaders.obj
d:\uni\year 3\graphics programming\coursework resit\s1512113-graphics2-augresit\gp_coursework\debug\sounds.obj
d:\uni\year 3\graphics programming\coursework resit\s1512113-graphics2-augresit\gp_coursework\debug\textures.obj
d:\uni\year 3\graphics programming\coursework resit\s1512113-graphics2-augresit\gp_coursework\debug\stb_image.obj
d:\uni\year 3\graphics programming\coursework 2\gp_coursework\debug\gp_coursework.ilk
d:\uni\year 3\graphics programming\coursework 2\gp_coursework\debug\gp_coursework.exe
d:\uni\year 3\graphics programming\coursework 2\gp_coursework\debug\gp_coursework.pdb
d:\uni\year 3\graphics programming\coursework resit\s1512113-graphics2-augresit\debug\gp_coursework.exe
d:\uni\year 3\graphics programming\coursework resit\s1512113-graphics2-augresit\debug\gp_coursework.ilk
d:\uni\year 3\graphics programming\coursework resit\s1512113-graphics2-augresit\debug\gp_coursework.pdb
d:\uni\year 3\graphics programming\coursework resit\s1512113-graphics2-augresit\gp_coursework\debug\gp_coursework.tlog\cl.command.1.tlog
d:\uni\year 3\graphics programming\coursework resit\s1512113-graphics2-augresit\gp_coursework\debug\gp_coursework.tlog\cl.read.1.tlog
d:\uni\year 3\graphics programming\coursework resit\s1512113-graphics2-augresit\gp_coursework\debug\gp_coursework.tlog\cl.write.1.tlog
d:\uni\year 3\graphics programming\coursework resit\s1512113-graphics2-augresit\gp_coursework\debug\gp_coursework.tlog\link.command.1.tlog
d:\uni\year 3\graphics programming\coursework resit\s1512113-graphics2-augresit\gp_coursework\debug\gp_coursework.tlog\link.read.1.tlog
d:\uni\year 3\graphics programming\coursework resit\s1512113-graphics2-augresit\gp_coursework\debug\gp_coursework.tlog\link.write.1.tlog
